Arguments: 
  C:\Program Files\nodejs\node.exe C:\Users\sergy\AppData\Roaming\npm\node_modules\yarn\bin\yarn.js

PATH: 
  C:\Program Files\NVIDIA GPU Computing Toolkit\CUDA\v12.2\bin;C:\Program Files\NVIDIA GPU Computing Toolkit\CUDA\v12.2\libnvvp;C:\Windows\system32;C:\Windows;C:\Windows\System32\Wbem;C:\Windows\System32\WindowsPowerShell\v1.0\;C:\Windows\System32\OpenSSH\;C:\Program Files\Docker\Docker\resources\bin;C:\Program Files\Git\cmd;C:\Program Files\Git\mingw64\bin;C:\Program Files\Git\usr\bin;C:\Program Files\WireGuard\;C:\ProgramData\chocolatey\bin;C:\Program Files\NVIDIA Corporation\NVIDIA NvDLISR;C:\Program Files (x86)\NVIDIA Corporation\PhysX\Common;C:\Program Files\NVIDIA Corporation\Nsight Compute 2023.2.1\;%NVM_HOME%;%NVM_SYMLINK%;C:\Users\sergy\AppData\Local\Programs\Python\Python311\Scripts\;C:\Users\sergy\AppData\Local\Programs\Python\Python311\;C:\Users\sergy\AppData\Local\Microsoft\WindowsApps;C:\Users\sergy\AppData\Local\GitHubDesktop\bin;C:\Users\sergy\AppData\Local\Programs\Microsoft VS Code\bin;C:\Users\sergy\AppData\Local\Microsoft\WinGet\Packages\Gyan.FFmpeg_Microsoft.Winget.Source_8wekyb3d8bbwe\ffmpeg-6.0-full_build\bin;C:\Users\sergy\AppData\Roaming\npm;C:\Users\sergy\AppData\Roaming\nvm;C:\Program Files\nodejs

Yarn version: 
  1.22.19

Node version: 
  20.5.1

Platform: 
  win32 x64

Trace: 
  Error: EPERM: operation not permitted, unlink 'C:\Users\sergy\learn\svelte\dollarholler\node_modules\@esbuild\win32-x64\esbuild.exe'

npm manifest: 
  {
  	"name": "dollarholler",
  	"version": "0.0.1",
  	"private": true,
  	"scripts": {
  		"dev": "vite dev",
  		"build": "vite build",
  		"preview": "vite preview",
  		"check": "svelte-kit sync && svelte-check --tsconfig ./tsconfig.json",
  		"check:watch": "svelte-kit sync && svelte-check --tsconfig ./tsconfig.json --watch",
  		"lint": "prettier --plugin=prettier-plugin-svelte --plugin=prettier-plugin-tailwindcss --check . && eslint .",
  		"format": "prettier --plugin=prettier-plugin-svelte --plugin=prettier-plugin-tailwindcss --write ."
  	},
  	"devDependencies": {
  		"@sveltejs/adapter-auto": "^2.0.0",
  		"@sveltejs/kit": "^1.20.4",
  		"@typescript-eslint/eslint-plugin": "^5.45.0",
  		"@typescript-eslint/parser": "^5.45.0",
  		"autoprefixer": "^10.4.15",
  		"eslint": "^8.28.0",
  		"eslint-config-prettier": "^8.5.0",
  		"eslint-plugin-svelte": "^2.30.0",
  		"postcss": "^8.4.28",
  		"prettier": "^3.0.2",
  		"prettier-plugin-tailwindcss": "^0.5.3",
  		"svelte": "^4.0.5",
  		"svelte-check": "^3.4.3",
  		"tailwindcss": "^3.3.3",
  		"tslib": "^2.4.1",
  		"typescript": "^5.0.0",
  		"vite": "^4.4.2"
  	},
  	"type": "module",
  	"dependencies": {
  		"prettier-plugin-svelte": "^3.0.3",
  		"svelte-eslint-parser": "^0.32.2",
  		"yarn": "^1.22.19"
  	}
  }

yarn manifest: 
  No manifest

Lockfile: 
  No lockfile
